# JRE version: OpenJDK Runtime Environment Temurin-21.0.6+7 (21.0.6+7) (build 21.0.6+7-LTS)
# Java VM: OpenJDK 64-Bit Server VM Temurin-21.0.6+7 (21.0.6+7-LTS, mixed mode, emulated-client, sharing, tiered, compressed oops, compressed class ptrs, g1 gc, windows-amd64)
GC Precious Log:
 CardTable entry size: 512
 Card Set container configuration: InlinePtr #cards 5 size 8 Array Of Cards #cards 12 size 40 Howl #buckets 4 coarsen threshold 1843 Howl Bitmap #cards 512 size 80 coarsen threshold 460 Card regions per heap region 1 cards per card region 2048
 CPUs: 6 total, 6 available
 Memory: 7549M
 Large Page Support: Disabled
 NUMA Support: Disabled
 Compressed Oops: Enabled (32-bit)
 Heap Region Size: 1M
 Heap Min Capacity: 8M
 Heap Initial Capacity: 118M
 Heap Max Capacity: 1888M
 Pre-touch: Disabled
 Parallel Workers: 6
 Concurrent Workers: 2
 Concurrent Refinement Workers: 6
 Periodic GC: Disabled
Heap:
 garbage-first heap   total 95232K, used 71289K [0x000000008a000000, 0x0000000100000000)
  region size 1024K, 45 young (46080K), 3 survivors (3072K)
 Metaspace       used 62308K, committed 62784K, reserved 1114112K
  class space    used 8428K, committed 8640K, reserved 1048576K
GC Heap History (20 events):
Event: 5.035 GC heap before
{Heap before GC invocations=11 (full 0):
 garbage-first heap   total 65536K, used 53768K [0x000000008a000000, 0x0000000100000000)
  region size 1024K, 38 young (38912K), 4 survivors (4096K)
 Metaspace       used 35007K, committed 35456K, reserved 1114112K
  class space    used 4482K, committed 4736K, reserved 1048576K
}
Event: 5.039 GC heap after
{Heap after GC invocations=12 (full 0):
 garbage-first heap   total 65536K, used 20930K [0x000000008a000000, 0x0000000100000000)
  region size 1024K, 3 young (3072K), 3 survivors (3072K)
 Metaspace       used 35007K, committed 35456K, reserved 1114112K
  class space    used 4482K, committed 4736K, reserved 1048576K
}
Event: 5.093 GC heap before
{Heap before GC invocations=12 (full 0):
 garbage-first heap   total 65536K, used 26050K [0x000000008a000000, 0x0000000100000000)
  region size 1024K, 9 young (9216K), 3 survivors (3072K)
 Metaspace       used 35687K, committed 36096K, reserved 1114112K
  class space    used 4558K, committed 4800K, reserved 1048576K
}
Event: 5.097 GC heap after
{Heap after GC invocations=13 (full 0):
 garbage-first heap   total 65536K, used 21224K [0x000000008a000000, 0x0000000100000000)
  region size 1024K, 2 young (2048K), 2 survivors (2048K)
 Metaspace       used 35687K, committed 36096K, reserved 1114112K
  class space    used 4558K, committed 4800K, reserved 1048576K
}
Event: 5.452 GC heap before
{Heap before GC invocations=14 (full 0):
 garbage-first heap   total 65536K, used 57064K [0x000000008a000000, 0x0000000100000000)
  region size 1024K, 37 young (37888K), 2 survivors (2048K)
 Metaspace       used 38874K, committed 39360K, reserved 1114112K
  class space    used 5020K, committed 5248K, reserved 1048576K
}
Event: 5.455 GC heap after
{Heap after GC invocations=15 (full 0):
 garbage-first heap   total 65536K, used 22329K [0x000000008a000000, 0x0000000100000000)
  region size 1024K, 3 young (3072K), 3 survivors (3072K)
 Metaspace       used 38874K, committed 39360K, reserved 1114112K
  class space    used 5020K, committed 5248K, reserved 1048576K
}
Event: 5.766 GC heap before
{Heap before GC invocations=15 (full 0):
 garbage-first heap   total 65536K, used 57145K [0x000000008a000000, 0x0000000100000000)
  region size 1024K, 37 young (37888K), 3 survivors (3072K)
 Metaspace       used 42409K, committed 42944K, reserved 1114112K
  class space    used 5640K, committed 5888K, reserved 1048576K
}
Event: 5.771 GC heap after
{Heap after GC invocations=16 (full 0):
 garbage-first heap   total 65536K, used 22665K [0x000000008a000000, 0x0000000100000000)
  region size 1024K, 3 young (3072K), 3 survivors (3072K)
 Metaspace       used 42409K, committed 42944K, reserved 1114112K
  class space    used 5640K, committed 5888K, reserved 1048576K
}
Event: 6.090 GC heap before
{Heap before GC invocations=16 (full 0):
 garbage-first heap   total 65536K, used 57481K [0x000000008a000000, 0x0000000100000000)
  region size 1024K, 37 young (37888K), 3 survivors (3072K)
 Metaspace       used 45944K, committed 46400K, reserved 1114112K
  class space    used 6106K, committed 6336K, reserved 1048576K
}
Event: 6.094 GC heap after
{Heap after GC invocations=17 (full 0):
 garbage-first heap   total 78848K, used 23950K [0x000000008a000000, 0x0000000100000000)
  region size 1024K, 4 young (4096K), 4 survivors (4096K)
 Metaspace       used 45944K, committed 46400K, reserved 1114112K
  class space    used 6106K, committed 6336K, reserved 1048576K
}
Event: 6.545 GC heap before
{Heap before GC invocations=17 (full 0):
 garbage-first heap   total 78848K, used 66958K [0x000000008a000000, 0x0000000100000000)
  region size 1024K, 46 young (47104K), 4 survivors (4096K)
 Metaspace       used 49937K, committed 50432K, reserved 1114112K
  class space    used 6774K, committed 6976K, reserved 1048576K
}
Event: 6.551 GC heap after
{Heap after GC invocations=18 (full 0):
 garbage-first heap   total 78848K, used 24633K [0x000000008a000000, 0x0000000100000000)
  region size 1024K, 4 young (4096K), 4 survivors (4096K)
 Metaspace       used 49937K, committed 50432K, reserved 1114112K
  class space    used 6774K, committed 6976K, reserved 1048576K
}
Event: 7.099 GC heap before
{Heap before GC invocations=18 (full 0):
 garbage-first heap   total 78848K, used 67641K [0x000000008a000000, 0x0000000100000000)
  region size 1024K, 46 young (47104K), 4 survivors (4096K)
 Metaspace       used 53768K, committed 54208K, reserved 1114112K
  class space    used 7302K, committed 7488K, reserved 1048576K
}
Event: 7.106 GC heap after
{Heap after GC invocations=19 (full 0):
 garbage-first heap   total 78848K, used 26037K [0x000000008a000000, 0x0000000100000000)
  region size 1024K, 4 young (4096K), 4 survivors (4096K)
 Metaspace       used 53768K, committed 54208K, reserved 1114112K
  class space    used 7302K, committed 7488K, reserved 1048576K
}
Event: 7.510 GC heap before
{Heap before GC invocations=19 (full 0):
 garbage-first heap   total 78848K, used 69045K [0x000000008a000000, 0x0000000100000000)
  region size 1024K, 46 young (47104K), 4 survivors (4096K)
 Metaspace       used 56377K, committed 56832K, reserved 1114112K
  class space    used 7627K, committed 7808K, reserved 1048576K
}
Event: 7.517 GC heap after
{Heap after GC invocations=20 (full 0):
 garbage-first heap   total 78848K, used 28229K [0x000000008a000000, 0x0000000100000000)
  region size 1024K, 5 young (5120K), 5 survivors (5120K)
 Metaspace       used 56377K, committed 56832K, reserved 1114112K
  class space    used 7627K, committed 7808K, reserved 1048576K
}
Event: 8.016 GC heap before
{Heap before GC invocations=20 (full 0):
 garbage-first heap   total 78848K, used 68165K [0x000000008a000000, 0x0000000100000000)
  region size 1024K, 44 young (45056K), 5 survivors (5120K)
 Metaspace       used 59276K, committed 59776K, reserved 1114112K
  class space    used 8008K, committed 8256K, reserved 1048576K
}
Event: 8.023 GC heap after
{Heap after GC invocations=21 (full 0):
 garbage-first heap   total 95232K, used 29850K [0x000000008a000000, 0x0000000100000000)
  region size 1024K, 4 young (4096K), 4 survivors (4096K)
 Metaspace       used 59276K, committed 59776K, reserved 1114112K
  class space    used 8008K, committed 8256K, reserved 1048576K
}
Event: 8.115 GC heap before
{Heap before GC invocations=21 (full 0):
 garbage-first heap   total 95232K, used 34970K [0x000000008a000000, 0x0000000100000000)
  region size 1024K, 11 young (11264K), 4 survivors (4096K)
 Metaspace       used 59976K, committed 60416K, reserved 1114112K
  class space    used 8092K, committed 8320K, reserved 1048576K
}
Event: 8.120 GC heap after
{Heap after GC invocations=22 (full 0):
 garbage-first heap   total 95232K, used 30329K [0x000000008a000000, 0x0000000100000000)
  region size 1024K, 3 young (3072K), 3 survivors (3072K)
 Metaspace       used 59976K, committed 60416K, reserved 1114112K
  class space    used 8092K, committed 8320K, reserved 1048576K
}

