# JRE version: OpenJDK Runtime Environment Temurin-21.0.6+7 (21.0.6+7) (build 21.0.6+7-LTS)
# Java VM: OpenJDK 64-Bit Server VM Temurin-21.0.6+7 (21.0.6+7-LTS, mixed mode, emulated-client, sharing, tiered, compressed oops, compressed class ptrs, g1 gc, windows-amd64)
GC Precious Log:
 CardTable entry size: 512
 Card Set container configuration: InlinePtr #cards 5 size 8 Array Of Cards #cards 12 size 40 Howl #buckets 4 coarsen threshold 1843 Howl Bitmap #cards 512 size 80 coarsen threshold 460 Card regions per heap region 1 cards per card region 2048
 CPUs: 6 total, 6 available
 Memory: 7549M
 Large Page Support: Disabled
 NUMA Support: Disabled
 Compressed Oops: Enabled (32-bit)
 Heap Region Size: 1M
 Heap Min Capacity: 8M
 Heap Initial Capacity: 118M
 Heap Max Capacity: 1888M
 Pre-touch: Disabled
 Parallel Workers: 6
 Concurrent Workers: 2
 Concurrent Refinement Workers: 6
 Periodic GC: Disabled
Heap:
 garbage-first heap   total 86016K, used 74143K [0x000000008a000000, 0x0000000100000000)
  region size 1024K, 47 young (48128K), 5 survivors (5120K)
 Metaspace       used 62344K, committed 62848K, reserved 1114112K
  class space    used 8396K, committed 8640K, reserved 1048576K
GC Heap History (20 events):
Event: 8.519 GC heap after
{Heap after GC invocations=22 (full 0):
 garbage-first heap   total 71680K, used 28271K [0x000000008a000000, 0x0000000100000000)
  region size 1024K, 4 young (4096K), 4 survivors (4096K)
 Metaspace       used 54630K, committed 55104K, reserved 1114112K
  class space    used 7414K, committed 7616K, reserved 1048576K
}
Event: 11.361 GC heap before
{Heap before GC invocations=22 (full 0):
 garbage-first heap   total 71680K, used 63087K [0x000000008a000000, 0x0000000100000000)
  region size 1024K, 38 young (38912K), 4 survivors (4096K)
 Metaspace       used 57513K, committed 57984K, reserved 1114112K
  class space    used 7785K, committed 8000K, reserved 1048576K
}
Event: 11.370 GC heap after
{Heap after GC invocations=23 (full 0):
 garbage-first heap   total 71680K, used 30109K [0x000000008a000000, 0x0000000100000000)
  region size 1024K, 4 young (4096K), 4 survivors (4096K)
 Metaspace       used 57513K, committed 57984K, reserved 1114112K
  class space    used 7785K, committed 8000K, reserved 1048576K
}
Event: 11.737 GC heap before
{Heap before GC invocations=23 (full 0):
 garbage-first heap   total 71680K, used 54685K [0x000000008a000000, 0x0000000100000000)
  region size 1024K, 29 young (29696K), 4 survivors (4096K)
 Metaspace       used 59848K, committed 60288K, reserved 1114112K
  class space    used 8084K, committed 8320K, reserved 1048576K
}
Event: 11.744 GC heap after
{Heap after GC invocations=24 (full 0):
 garbage-first heap   total 71680K, used 31305K [0x000000008a000000, 0x0000000100000000)
  region size 1024K, 4 young (4096K), 4 survivors (4096K)
 Metaspace       used 59848K, committed 60288K, reserved 1114112K
  class space    used 8084K, committed 8320K, reserved 1048576K
}
Event: 190.292 GC heap before
{Heap before GC invocations=25 (full 0):
 garbage-first heap   total 71680K, used 62025K [0x000000008a000000, 0x0000000100000000)
  region size 1024K, 34 young (34816K), 4 survivors (4096K)
 Metaspace       used 60962K, committed 61504K, reserved 1114112K
  class space    used 8235K, committed 8512K, reserved 1048576K
}
Event: 190.300 GC heap after
{Heap after GC invocations=26 (full 0):
 garbage-first heap   total 71680K, used 32599K [0x000000008a000000, 0x0000000100000000)
  region size 1024K, 3 young (3072K), 3 survivors (3072K)
 Metaspace       used 60962K, committed 61504K, reserved 1114112K
  class space    used 8235K, committed 8512K, reserved 1048576K
}
Event: 193.395 GC heap before
{Heap before GC invocations=26 (full 0):
 garbage-first heap   total 71680K, used 33623K [0x000000008a000000, 0x0000000100000000)
  region size 1024K, 5 young (5120K), 3 survivors (3072K)
 Metaspace       used 61093K, committed 61632K, reserved 1114112K
  class space    used 8256K, committed 8512K, reserved 1048576K
}
Event: 193.479 GC heap after
{Heap after GC invocations=27 (full 1):
 garbage-first heap   total 71680K, used 22422K [0x000000008a000000, 0x0000000100000000)
  region size 1024K, 0 young (0K), 0 survivors (0K)
 Metaspace       used 60834K, committed 61632K, reserved 1114112K
  class space    used 8194K, committed 8512K, reserved 1048576K
}
Event: 194.573 GC heap before
{Heap before GC invocations=27 (full 1):
 garbage-first heap   total 71680K, used 63382K [0x000000008a000000, 0x0000000100000000)
  region size 1024K, 41 young (41984K), 0 survivors (0K)
 Metaspace       used 60969K, committed 61632K, reserved 1114112K
  class space    used 8222K, committed 8512K, reserved 1048576K
}
Event: 194.580 GC heap after
{Heap after GC invocations=28 (full 1):
 garbage-first heap   total 86016K, used 26890K [0x000000008a000000, 0x0000000100000000)
  region size 1024K, 5 young (5120K), 5 survivors (5120K)
 Metaspace       used 60969K, committed 61632K, reserved 1114112K
  class space    used 8222K, committed 8512K, reserved 1048576K
}
Event: 195.623 GC heap before
{Heap before GC invocations=28 (full 1):
 garbage-first heap   total 86016K, used 71946K [0x000000008a000000, 0x0000000100000000)
  region size 1024K, 50 young (51200K), 5 survivors (5120K)
 Metaspace       used 61815K, committed 62336K, reserved 1114112K
  class space    used 8335K, committed 8576K, reserved 1048576K
}
Event: 195.632 GC heap after
{Heap after GC invocations=29 (full 1):
 garbage-first heap   total 86016K, used 32434K [0x000000008a000000, 0x0000000100000000)
  region size 1024K, 7 young (7168K), 7 survivors (7168K)
 Metaspace       used 61815K, committed 62336K, reserved 1114112K
  class space    used 8335K, committed 8576K, reserved 1048576K
}
Event: 327.518 GC heap before
{Heap before GC invocations=29 (full 1):
 garbage-first heap   total 86016K, used 43698K [0x000000008a000000, 0x0000000100000000)
  region size 1024K, 19 young (19456K), 7 survivors (7168K)
 Metaspace       used 61883K, committed 62400K, reserved 1114112K
  class space    used 8346K, committed 8576K, reserved 1048576K
}
Event: 327.621 GC heap after
{Heap after GC invocations=30 (full 2):
 garbage-first heap   total 86016K, used 26126K [0x000000008a000000, 0x0000000100000000)
  region size 1024K, 0 young (0K), 0 survivors (0K)
 Metaspace       used 61858K, committed 62400K, reserved 1114112K
  class space    used 8340K, committed 8576K, reserved 1048576K
}
Event: 328.858 GC heap before
{Heap before GC invocations=30 (full 2):
 garbage-first heap   total 86016K, used 71182K [0x000000008a000000, 0x0000000100000000)
  region size 1024K, 45 young (46080K), 0 survivors (0K)
 Metaspace       used 61937K, committed 62400K, reserved 1114112K
  class space    used 8354K, committed 8576K, reserved 1048576K
}
Event: 328.864 GC heap after
{Heap after GC invocations=31 (full 2):
 garbage-first heap   total 86016K, used 30137K [0x000000008a000000, 0x0000000100000000)
  region size 1024K, 4 young (4096K), 4 survivors (4096K)
 Metaspace       used 61937K, committed 62400K, reserved 1114112K
  class space    used 8354K, committed 8576K, reserved 1048576K
}
Event: 430.830 GC heap before
{Heap before GC invocations=31 (full 2):
 garbage-first heap   total 86016K, used 72121K [0x000000008a000000, 0x0000000100000000)
  region size 1024K, 46 young (47104K), 4 survivors (4096K)
 Metaspace       used 62156K, committed 62656K, reserved 1114112K
  class space    used 8379K, committed 8576K, reserved 1048576K
}
Event: 430.836 GC heap after
{Heap after GC invocations=32 (full 2):
 garbage-first heap   total 86016K, used 31135K [0x000000008a000000, 0x0000000100000000)
  region size 1024K, 2 young (2048K), 2 survivors (2048K)
 Metaspace       used 62156K, committed 62656K, reserved 1114112K
  class space    used 8379K, committed 8576K, reserved 1048576K
}
Event: 498.464 GC heap before
{Heap before GC invocations=32 (full 2):
 garbage-first heap   total 86016K, used 74143K [0x000000008a000000, 0x0000000100000000)
  region size 1024K, 44 young (45056K), 2 survivors (2048K)
 Metaspace       used 62344K, committed 62848K, reserved 1114112K
  class space    used 8396K, committed 8640K, reserved 1048576K
}

